<?xml version="1.0" encoding="UTF-8"?>
<!-- Generated by org.testng.reporters.JUnitReportReporter -->
<testsuite hostname="DESKTOP-FM5QVT6" failures="0" tests="4" name="MyTest" time="13.031" errors="0" timestamp="2024-10-20T23:29:14 GMT+03:00" skipped="3">
  <testcase classname="MyTest" name="AddItem" time="13.031"/>
  <system-out/>
  <testcase classname="MyTest" name="LogoIn">
    <skipped/>
  </testcase> <!-- LogoIn -->
  <system-out/>
  <testcase classname="MyTest" name="SingUp">
    <skipped/>
  </testcase> <!-- SingUp -->
  <system-out/>
  <testcase classname="MyTest" name="Logout">
    <skipped/>
  </testcase> <!-- Logout -->
  <system-out/>
</testsuite> <!-- MyTest -->
